2023-01-15T14:42:02,660 [INFO ] W-9006-my_fancy_model_1.0-stdout MODEL_LOG - Listening on port: /tmp/.ts.sock.9006
2023-01-15T14:42:02,668 [INFO ] W-9006-my_fancy_model_1.0-stdout MODEL_LOG - Successfully loaded /home/marcusroberto/miniconda3/envs/myenv/lib/python3.10/site-packages/ts/configs/metrics.yaml.
2023-01-15T14:42:02,671 [INFO ] W-9006-my_fancy_model_1.0-stdout MODEL_LOG - [PID]17750
2023-01-15T14:42:02,672 [INFO ] W-9006-my_fancy_model_1.0-stdout MODEL_LOG - Torch worker started.
2023-01-15T14:42:02,689 [INFO ] W-9006-my_fancy_model_1.0-stdout MODEL_LOG - Python runtime: 3.10.8
2023-01-15T14:42:02,715 [INFO ] W-9004-my_fancy_model_1.0-stdout MODEL_LOG - Listening on port: /tmp/.ts.sock.9004
2023-01-15T14:42:02,725 [INFO ] W-9004-my_fancy_model_1.0-stdout MODEL_LOG - Successfully loaded /home/marcusroberto/miniconda3/envs/myenv/lib/python3.10/site-packages/ts/configs/metrics.yaml.
2023-01-15T14:42:02,729 [INFO ] W-9004-my_fancy_model_1.0-stdout MODEL_LOG - [PID]17746
2023-01-15T14:42:02,728 [INFO ] W-9005-my_fancy_model_1.0-stdout MODEL_LOG - Listening on port: /tmp/.ts.sock.9005
2023-01-15T14:42:02,733 [INFO ] W-9004-my_fancy_model_1.0-stdout MODEL_LOG - Torch worker started.
2023-01-15T14:42:02,736 [INFO ] W-9007-my_fancy_model_1.0-stdout MODEL_LOG - Listening on port: /tmp/.ts.sock.9007
2023-01-15T14:42:02,739 [INFO ] W-9004-my_fancy_model_1.0-stdout MODEL_LOG - Python runtime: 3.10.8
2023-01-15T14:42:02,746 [INFO ] W-9005-my_fancy_model_1.0-stdout MODEL_LOG - Successfully loaded /home/marcusroberto/miniconda3/envs/myenv/lib/python3.10/site-packages/ts/configs/metrics.yaml.
2023-01-15T14:42:02,749 [INFO ] W-9005-my_fancy_model_1.0-stdout MODEL_LOG - [PID]17752
2023-01-15T14:42:02,753 [INFO ] W-9005-my_fancy_model_1.0-stdout MODEL_LOG - Torch worker started.
2023-01-15T14:42:02,753 [INFO ] W-9007-my_fancy_model_1.0-stdout MODEL_LOG - Successfully loaded /home/marcusroberto/miniconda3/envs/myenv/lib/python3.10/site-packages/ts/configs/metrics.yaml.
2023-01-15T14:42:02,758 [INFO ] W-9005-my_fancy_model_1.0-stdout MODEL_LOG - Python runtime: 3.10.8
2023-01-15T14:42:02,764 [INFO ] W-9007-my_fancy_model_1.0-stdout MODEL_LOG - [PID]17751
2023-01-15T14:42:02,767 [INFO ] W-9007-my_fancy_model_1.0-stdout MODEL_LOG - Torch worker started.
2023-01-15T14:42:02,770 [INFO ] W-9007-my_fancy_model_1.0-stdout MODEL_LOG - Python runtime: 3.10.8
2023-01-15T14:42:02,785 [INFO ] W-9005-my_fancy_model_1.0-stdout MODEL_LOG - Connection accepted: /tmp/.ts.sock.9005.
2023-01-15T14:42:02,785 [INFO ] W-9004-my_fancy_model_1.0-stdout MODEL_LOG - Connection accepted: /tmp/.ts.sock.9004.
2023-01-15T14:42:02,787 [INFO ] W-9006-my_fancy_model_1.0-stdout MODEL_LOG - Connection accepted: /tmp/.ts.sock.9006.
2023-01-15T14:42:02,793 [INFO ] W-9007-my_fancy_model_1.0-stdout MODEL_LOG - Connection accepted: /tmp/.ts.sock.9007.
2023-01-15T14:42:02,825 [INFO ] W-9001-my_fancy_model_1.0-stdout MODEL_LOG - Listening on port: /tmp/.ts.sock.9001
2023-01-15T14:42:02,835 [INFO ] W-9001-my_fancy_model_1.0-stdout MODEL_LOG - Successfully loaded /home/marcusroberto/miniconda3/envs/myenv/lib/python3.10/site-packages/ts/configs/metrics.yaml.
2023-01-15T14:42:02,837 [INFO ] W-9001-my_fancy_model_1.0-stdout MODEL_LOG - [PID]17748
2023-01-15T14:42:02,838 [INFO ] W-9000-my_fancy_model_1.0-stdout MODEL_LOG - Listening on port: /tmp/.ts.sock.9000
2023-01-15T14:42:02,840 [INFO ] W-9001-my_fancy_model_1.0-stdout MODEL_LOG - Torch worker started.
2023-01-15T14:42:02,843 [INFO ] W-9001-my_fancy_model_1.0-stdout MODEL_LOG - Python runtime: 3.10.8
2023-01-15T14:42:02,852 [INFO ] W-9001-my_fancy_model_1.0-stdout MODEL_LOG - Connection accepted: /tmp/.ts.sock.9001.
2023-01-15T14:42:02,852 [INFO ] W-9000-my_fancy_model_1.0-stdout MODEL_LOG - Successfully loaded /home/marcusroberto/miniconda3/envs/myenv/lib/python3.10/site-packages/ts/configs/metrics.yaml.
2023-01-15T14:42:02,860 [INFO ] W-9000-my_fancy_model_1.0-stdout MODEL_LOG - [PID]17749
2023-01-15T14:42:02,863 [INFO ] W-9000-my_fancy_model_1.0-stdout MODEL_LOG - Torch worker started.
2023-01-15T14:42:02,867 [INFO ] W-9000-my_fancy_model_1.0-stdout MODEL_LOG - Python runtime: 3.10.8
2023-01-15T14:42:02,893 [INFO ] W-9002-my_fancy_model_1.0-stdout MODEL_LOG - Listening on port: /tmp/.ts.sock.9002
2023-01-15T14:42:02,894 [INFO ] W-9000-my_fancy_model_1.0-stdout MODEL_LOG - Connection accepted: /tmp/.ts.sock.9000.
2023-01-15T14:42:02,907 [INFO ] W-9002-my_fancy_model_1.0-stdout MODEL_LOG - Successfully loaded /home/marcusroberto/miniconda3/envs/myenv/lib/python3.10/site-packages/ts/configs/metrics.yaml.
2023-01-15T14:42:02,909 [INFO ] W-9002-my_fancy_model_1.0-stdout MODEL_LOG - [PID]17745
2023-01-15T14:42:02,912 [INFO ] W-9002-my_fancy_model_1.0-stdout MODEL_LOG - Torch worker started.
2023-01-15T14:42:02,917 [INFO ] W-9002-my_fancy_model_1.0-stdout MODEL_LOG - Python runtime: 3.10.8
2023-01-15T14:42:02,943 [INFO ] W-9002-my_fancy_model_1.0-stdout MODEL_LOG - Connection accepted: /tmp/.ts.sock.9002.
2023-01-15T14:42:02,947 [INFO ] W-9005-my_fancy_model_1.0-stdout MODEL_LOG - model_name: my_fancy_model, batchSize: 1
2023-01-15T14:42:02,949 [INFO ] W-9007-my_fancy_model_1.0-stdout MODEL_LOG - model_name: my_fancy_model, batchSize: 1
2023-01-15T14:42:02,948 [INFO ] W-9006-my_fancy_model_1.0-stdout MODEL_LOG - model_name: my_fancy_model, batchSize: 1
2023-01-15T14:42:02,948 [INFO ] W-9000-my_fancy_model_1.0-stdout MODEL_LOG - model_name: my_fancy_model, batchSize: 1
2023-01-15T14:42:02,948 [INFO ] W-9001-my_fancy_model_1.0-stdout MODEL_LOG - model_name: my_fancy_model, batchSize: 1
2023-01-15T14:42:02,947 [INFO ] W-9004-my_fancy_model_1.0-stdout MODEL_LOG - model_name: my_fancy_model, batchSize: 1
2023-01-15T14:42:02,983 [INFO ] W-9002-my_fancy_model_1.0-stdout MODEL_LOG - model_name: my_fancy_model, batchSize: 1
2023-01-15T14:42:02,986 [INFO ] W-9003-my_fancy_model_1.0-stdout MODEL_LOG - Listening on port: /tmp/.ts.sock.9003
2023-01-15T14:42:03,002 [INFO ] W-9003-my_fancy_model_1.0-stdout MODEL_LOG - Successfully loaded /home/marcusroberto/miniconda3/envs/myenv/lib/python3.10/site-packages/ts/configs/metrics.yaml.
2023-01-15T14:42:03,005 [INFO ] W-9003-my_fancy_model_1.0-stdout MODEL_LOG - [PID]17747
2023-01-15T14:42:03,009 [INFO ] W-9003-my_fancy_model_1.0-stdout MODEL_LOG - Torch worker started.
2023-01-15T14:42:03,013 [INFO ] W-9003-my_fancy_model_1.0-stdout MODEL_LOG - Python runtime: 3.10.8
2023-01-15T14:42:03,028 [INFO ] W-9003-my_fancy_model_1.0-stdout MODEL_LOG - Connection accepted: /tmp/.ts.sock.9003.
2023-01-15T14:42:03,083 [INFO ] W-9003-my_fancy_model_1.0-stdout MODEL_LOG - model_name: my_fancy_model, batchSize: 1
2023-01-15T14:42:05,591 [INFO ] W-9004-my_fancy_model_1.0-stdout MODEL_LOG - /tmp/models/ccd79663a9454b18a14141a832fb7954/compile.json is missing. PT 2.0 will not be used
2023-01-15T14:42:05,592 [INFO ] W-9004-my_fancy_model_1.0-stdout MODEL_LOG - dynamo/inductor are not installed. 
2023-01-15T14:42:05,596 [INFO ] W-9006-my_fancy_model_1.0-stdout MODEL_LOG - /tmp/models/ccd79663a9454b18a14141a832fb7954/compile.json is missing. PT 2.0 will not be used
2023-01-15T14:42:05,596 [INFO ] W-9002-my_fancy_model_1.0-stdout MODEL_LOG - /tmp/models/ccd79663a9454b18a14141a832fb7954/compile.json is missing. PT 2.0 will not be used
2023-01-15T14:42:05,599 [INFO ] W-9006-my_fancy_model_1.0-stdout MODEL_LOG - dynamo/inductor are not installed. 
2023-01-15T14:42:05,599 [INFO ] W-9004-my_fancy_model_1.0-stdout MODEL_LOG -  For GPU please run pip3 install numpy --pre torch[dynamo] --force-reinstall --extra-index-url https://download.pytorch.org/whl/nightly/cu117 
2023-01-15T14:42:05,600 [INFO ] W-9002-my_fancy_model_1.0-stdout MODEL_LOG - dynamo/inductor are not installed. 
2023-01-15T14:42:05,601 [INFO ] W-9006-my_fancy_model_1.0-stdout MODEL_LOG -  For GPU please run pip3 install numpy --pre torch[dynamo] --force-reinstall --extra-index-url https://download.pytorch.org/whl/nightly/cu117 
2023-01-15T14:42:05,602 [INFO ] W-9005-my_fancy_model_1.0-stdout MODEL_LOG - /tmp/models/ccd79663a9454b18a14141a832fb7954/compile.json is missing. PT 2.0 will not be used
2023-01-15T14:42:05,602 [INFO ] W-9000-my_fancy_model_1.0-stdout MODEL_LOG - /tmp/models/ccd79663a9454b18a14141a832fb7954/compile.json is missing. PT 2.0 will not be used
2023-01-15T14:42:05,603 [INFO ] W-9004-my_fancy_model_1.0-stdout MODEL_LOG -  for CPU please run pip3 install --pre torch --extra-index-url https://download.pytorch.org/whl/nightly/cpu
2023-01-15T14:42:05,605 [INFO ] W-9006-my_fancy_model_1.0-stdout MODEL_LOG -  for CPU please run pip3 install --pre torch --extra-index-url https://download.pytorch.org/whl/nightly/cpu
2023-01-15T14:42:05,605 [INFO ] W-9002-my_fancy_model_1.0-stdout MODEL_LOG -  For GPU please run pip3 install numpy --pre torch[dynamo] --force-reinstall --extra-index-url https://download.pytorch.org/whl/nightly/cu117 
2023-01-15T14:42:05,608 [INFO ] W-9005-my_fancy_model_1.0-stdout MODEL_LOG - dynamo/inductor are not installed. 
2023-01-15T14:42:05,618 [INFO ] W-9000-my_fancy_model_1.0-stdout MODEL_LOG - dynamo/inductor are not installed. 
2023-01-15T14:42:05,620 [INFO ] W-9005-my_fancy_model_1.0-stdout MODEL_LOG -  For GPU please run pip3 install numpy --pre torch[dynamo] --force-reinstall --extra-index-url https://download.pytorch.org/whl/nightly/cu117 
2023-01-15T14:42:05,621 [INFO ] W-9000-my_fancy_model_1.0-stdout MODEL_LOG -  For GPU please run pip3 install numpy --pre torch[dynamo] --force-reinstall --extra-index-url https://download.pytorch.org/whl/nightly/cu117 
2023-01-15T14:42:05,623 [INFO ] W-9002-my_fancy_model_1.0-stdout MODEL_LOG -  for CPU please run pip3 install --pre torch --extra-index-url https://download.pytorch.org/whl/nightly/cpu
2023-01-15T14:42:05,623 [INFO ] W-9001-my_fancy_model_1.0-stdout MODEL_LOG - /tmp/models/ccd79663a9454b18a14141a832fb7954/compile.json is missing. PT 2.0 will not be used
2023-01-15T14:42:05,625 [INFO ] W-9005-my_fancy_model_1.0-stdout MODEL_LOG -  for CPU please run pip3 install --pre torch --extra-index-url https://download.pytorch.org/whl/nightly/cpu
2023-01-15T14:42:05,626 [INFO ] W-9000-my_fancy_model_1.0-stdout MODEL_LOG -  for CPU please run pip3 install --pre torch --extra-index-url https://download.pytorch.org/whl/nightly/cpu
2023-01-15T14:42:05,630 [INFO ] W-9001-my_fancy_model_1.0-stdout MODEL_LOG - dynamo/inductor are not installed. 
2023-01-15T14:42:05,634 [INFO ] W-9001-my_fancy_model_1.0-stdout MODEL_LOG -  For GPU please run pip3 install numpy --pre torch[dynamo] --force-reinstall --extra-index-url https://download.pytorch.org/whl/nightly/cu117 
2023-01-15T14:42:05,636 [INFO ] W-9001-my_fancy_model_1.0-stdout MODEL_LOG -  for CPU please run pip3 install --pre torch --extra-index-url https://download.pytorch.org/whl/nightly/cpu
2023-01-15T14:42:05,674 [INFO ] W-9003-my_fancy_model_1.0-stdout MODEL_LOG - /tmp/models/ccd79663a9454b18a14141a832fb7954/compile.json is missing. PT 2.0 will not be used
2023-01-15T14:42:05,674 [INFO ] W-9007-my_fancy_model_1.0-stdout MODEL_LOG - /tmp/models/ccd79663a9454b18a14141a832fb7954/compile.json is missing. PT 2.0 will not be used
2023-01-15T14:42:05,677 [INFO ] W-9003-my_fancy_model_1.0-stdout MODEL_LOG - dynamo/inductor are not installed. 
2023-01-15T14:42:05,680 [INFO ] W-9003-my_fancy_model_1.0-stdout MODEL_LOG -  For GPU please run pip3 install numpy --pre torch[dynamo] --force-reinstall --extra-index-url https://download.pytorch.org/whl/nightly/cu117 
2023-01-15T14:42:05,682 [INFO ] W-9003-my_fancy_model_1.0-stdout MODEL_LOG -  for CPU please run pip3 install --pre torch --extra-index-url https://download.pytorch.org/whl/nightly/cpu
2023-01-15T14:42:05,684 [INFO ] W-9007-my_fancy_model_1.0-stdout MODEL_LOG - dynamo/inductor are not installed. 
2023-01-15T14:42:05,688 [INFO ] W-9007-my_fancy_model_1.0-stdout MODEL_LOG -  For GPU please run pip3 install numpy --pre torch[dynamo] --force-reinstall --extra-index-url https://download.pytorch.org/whl/nightly/cu117 
2023-01-15T14:42:05,690 [INFO ] W-9007-my_fancy_model_1.0-stdout MODEL_LOG -  for CPU please run pip3 install --pre torch --extra-index-url https://download.pytorch.org/whl/nightly/cpu
2023-01-15T14:42:23,315 [INFO ] W-9006-my_fancy_model_1.0-stdout MODEL_LOG - Backend received inference at: 1673790143
2023-01-15T14:44:12,835 [INFO ] W-9002-my_fancy_model_1.0-stdout MODEL_LOG - Backend received inference at: 1673790252
2023-01-15T14:45:53,269 [INFO ] W-9001-my_fancy_model_1.0-stdout MODEL_LOG - Backend received inference at: 1673790353
2023-01-15T14:46:52,232 [INFO ] W-9005-my_fancy_model_1.0-stdout MODEL_LOG - Backend received inference at: 1673790412
