2023-01-15T14:31:02,630 - CPUUtilization.Percent:0.0|#Level:Host|#hostname:DESKTOP-48IBAR0,timestamp:1673789462
2023-01-15T14:31:02,633 - DiskAvailable.Gigabytes:939.7386703491211|#Level:Host|#hostname:DESKTOP-48IBAR0,timestamp:1673789462
2023-01-15T14:31:02,636 - DiskUsage.Gigabytes:15.899639129638672|#Level:Host|#hostname:DESKTOP-48IBAR0,timestamp:1673789462
2023-01-15T14:31:02,639 - DiskUtilization.Percent:1.7|#Level:Host|#hostname:DESKTOP-48IBAR0,timestamp:1673789462
2023-01-15T14:31:02,641 - MemoryAvailable.Megabytes:4972.4765625|#Level:Host|#hostname:DESKTOP-48IBAR0,timestamp:1673789462
2023-01-15T14:31:02,643 - MemoryUsed.Megabytes:2470.890625|#Level:Host|#hostname:DESKTOP-48IBAR0,timestamp:1673789462
2023-01-15T14:31:02,646 - MemoryUtilization.Percent:35.8|#Level:Host|#hostname:DESKTOP-48IBAR0,timestamp:1673789462
2023-01-15T14:32:02,555 - CPUUtilization.Percent:0.0|#Level:Host|#hostname:DESKTOP-48IBAR0,timestamp:1673789522
2023-01-15T14:32:02,557 - DiskAvailable.Gigabytes:939.7386703491211|#Level:Host|#hostname:DESKTOP-48IBAR0,timestamp:1673789522
2023-01-15T14:32:02,560 - DiskUsage.Gigabytes:15.899639129638672|#Level:Host|#hostname:DESKTOP-48IBAR0,timestamp:1673789522
2023-01-15T14:32:02,563 - DiskUtilization.Percent:1.7|#Level:Host|#hostname:DESKTOP-48IBAR0,timestamp:1673789522
2023-01-15T14:32:02,566 - MemoryAvailable.Megabytes:4961.52734375|#Level:Host|#hostname:DESKTOP-48IBAR0,timestamp:1673789522
2023-01-15T14:32:02,568 - MemoryUsed.Megabytes:2481.84765625|#Level:Host|#hostname:DESKTOP-48IBAR0,timestamp:1673789522
2023-01-15T14:32:02,571 - MemoryUtilization.Percent:35.9|#Level:Host|#hostname:DESKTOP-48IBAR0,timestamp:1673789522
2023-01-15T14:33:02,548 - CPUUtilization.Percent:50.0|#Level:Host|#hostname:DESKTOP-48IBAR0,timestamp:1673789582
2023-01-15T14:33:02,550 - DiskAvailable.Gigabytes:939.7386703491211|#Level:Host|#hostname:DESKTOP-48IBAR0,timestamp:1673789582
2023-01-15T14:33:02,552 - DiskUsage.Gigabytes:15.899639129638672|#Level:Host|#hostname:DESKTOP-48IBAR0,timestamp:1673789582
2023-01-15T14:33:02,555 - DiskUtilization.Percent:1.7|#Level:Host|#hostname:DESKTOP-48IBAR0,timestamp:1673789582
2023-01-15T14:33:02,557 - MemoryAvailable.Megabytes:4957.734375|#Level:Host|#hostname:DESKTOP-48IBAR0,timestamp:1673789582
2023-01-15T14:33:02,560 - MemoryUsed.Megabytes:2485.6328125|#Level:Host|#hostname:DESKTOP-48IBAR0,timestamp:1673789582
2023-01-15T14:33:02,562 - MemoryUtilization.Percent:35.9|#Level:Host|#hostname:DESKTOP-48IBAR0,timestamp:1673789582
2023-01-15T14:33:35,044 - CPUUtilization.Percent:0.0|#Level:Host|#hostname:DESKTOP-48IBAR0,timestamp:1673789615
2023-01-15T14:33:35,047 - DiskAvailable.Gigabytes:939.7386703491211|#Level:Host|#hostname:DESKTOP-48IBAR0,timestamp:1673789615
2023-01-15T14:33:35,049 - DiskUsage.Gigabytes:15.899639129638672|#Level:Host|#hostname:DESKTOP-48IBAR0,timestamp:1673789615
2023-01-15T14:33:35,051 - DiskUtilization.Percent:1.7|#Level:Host|#hostname:DESKTOP-48IBAR0,timestamp:1673789615
2023-01-15T14:33:35,053 - MemoryAvailable.Megabytes:4962.00390625|#Level:Host|#hostname:DESKTOP-48IBAR0,timestamp:1673789615
2023-01-15T14:33:35,055 - MemoryUsed.Megabytes:2481.37109375|#Level:Host|#hostname:DESKTOP-48IBAR0,timestamp:1673789615
2023-01-15T14:33:35,057 - MemoryUtilization.Percent:35.9|#Level:Host|#hostname:DESKTOP-48IBAR0,timestamp:1673789615
2023-01-15T14:42:02,436 - CPUUtilization.Percent:0.0|#Level:Host|#hostname:DESKTOP-48IBAR0,timestamp:1673790122
2023-01-15T14:42:02,440 - DiskAvailable.Gigabytes:939.6948852539062|#Level:Host|#hostname:DESKTOP-48IBAR0,timestamp:1673790122
2023-01-15T14:42:02,444 - DiskUsage.Gigabytes:15.943424224853516|#Level:Host|#hostname:DESKTOP-48IBAR0,timestamp:1673790122
2023-01-15T14:42:02,449 - DiskUtilization.Percent:1.7|#Level:Host|#hostname:DESKTOP-48IBAR0,timestamp:1673790122
2023-01-15T14:42:02,451 - MemoryAvailable.Megabytes:4290.72265625|#Level:Host|#hostname:DESKTOP-48IBAR0,timestamp:1673790122
2023-01-15T14:42:02,454 - MemoryUsed.Megabytes:3152.65234375|#Level:Host|#hostname:DESKTOP-48IBAR0,timestamp:1673790122
2023-01-15T14:42:02,467 - MemoryUtilization.Percent:44.6|#Level:Host|#hostname:DESKTOP-48IBAR0,timestamp:1673790122
2023-01-15T14:42:05,659 - W-9002-my_fancy_model_1.0.ms:5871|#Level:Host|#hostname:DESKTOP-48IBAR0,timestamp:1673790125
2023-01-15T14:42:05,661 - W-9006-my_fancy_model_1.0.ms:5871|#Level:Host|#hostname:DESKTOP-48IBAR0,timestamp:1673790125
2023-01-15T14:42:05,660 - W-9005-my_fancy_model_1.0.ms:5871|#Level:Host|#hostname:DESKTOP-48IBAR0,timestamp:1673790125
2023-01-15T14:42:05,663 - WorkerThreadTime.ms:178|#Level:Host|#hostname:DESKTOP-48IBAR0,timestamp:1673790125
2023-01-15T14:42:05,663 - W-9001-my_fancy_model_1.0.ms:5876|#Level:Host|#hostname:DESKTOP-48IBAR0,timestamp:1673790125
2023-01-15T14:42:05,668 - WorkerThreadTime.ms:61|#Level:Host|#hostname:DESKTOP-48IBAR0,timestamp:1673790125
2023-01-15T14:42:05,670 - WorkerThreadTime.ms:139|#Level:Host|#hostname:DESKTOP-48IBAR0,timestamp:1673790125
2023-01-15T14:42:05,671 - WorkerThreadTime.ms:178|#Level:Host|#hostname:DESKTOP-48IBAR0,timestamp:1673790125
2023-01-15T14:42:05,672 - W-9004-my_fancy_model_1.0.ms:5883|#Level:Host|#hostname:DESKTOP-48IBAR0,timestamp:1673790125
2023-01-15T14:42:05,673 - W-9000-my_fancy_model_1.0.ms:5892|#Level:Host|#hostname:DESKTOP-48IBAR0,timestamp:1673790125
2023-01-15T14:42:05,675 - WorkerThreadTime.ms:182|#Level:Host|#hostname:DESKTOP-48IBAR0,timestamp:1673790125
2023-01-15T14:42:05,676 - WorkerThreadTime.ms:84|#Level:Host|#hostname:DESKTOP-48IBAR0,timestamp:1673790125
2023-01-15T14:42:05,688 - W-9007-my_fancy_model_1.0.ms:5898|#Level:Host|#hostname:DESKTOP-48IBAR0,timestamp:1673790125
2023-01-15T14:42:05,691 - WorkerThreadTime.ms:168|#Level:Host|#hostname:DESKTOP-48IBAR0,timestamp:1673790125
2023-01-15T14:42:05,692 - W-9003-my_fancy_model_1.0.ms:5903|#Level:Host|#hostname:DESKTOP-48IBAR0,timestamp:1673790125
2023-01-15T14:42:05,694 - WorkerThreadTime.ms:71|#Level:Host|#hostname:DESKTOP-48IBAR0,timestamp:1673790125
2023-01-15T14:42:23,456 - Requests2XX.Count:1|#Level:Host|#hostname:DESKTOP-48IBAR0,timestamp:1673790143
2023-01-15T14:42:23,459 - QueueTime.ms:0|#Level:Host|#hostname:DESKTOP-48IBAR0,timestamp:1673790143
2023-01-15T14:42:23,461 - WorkerThreadTime.ms:16|#Level:Host|#hostname:DESKTOP-48IBAR0,timestamp:1673790143
2023-01-15T14:43:02,369 - CPUUtilization.Percent:50.0|#Level:Host|#hostname:DESKTOP-48IBAR0,timestamp:1673790182
2023-01-15T14:43:02,371 - DiskAvailable.Gigabytes:939.6948852539062|#Level:Host|#hostname:DESKTOP-48IBAR0,timestamp:1673790182
2023-01-15T14:43:02,373 - DiskUsage.Gigabytes:15.943424224853516|#Level:Host|#hostname:DESKTOP-48IBAR0,timestamp:1673790182
2023-01-15T14:43:02,375 - DiskUtilization.Percent:1.7|#Level:Host|#hostname:DESKTOP-48IBAR0,timestamp:1673790182
2023-01-15T14:43:02,377 - MemoryAvailable.Megabytes:3087.44140625|#Level:Host|#hostname:DESKTOP-48IBAR0,timestamp:1673790182
2023-01-15T14:43:02,380 - MemoryUsed.Megabytes:4356.23046875|#Level:Host|#hostname:DESKTOP-48IBAR0,timestamp:1673790182
2023-01-15T14:43:02,382 - MemoryUtilization.Percent:60.1|#Level:Host|#hostname:DESKTOP-48IBAR0,timestamp:1673790182
2023-01-15T14:44:02,386 - CPUUtilization.Percent:0.0|#Level:Host|#hostname:DESKTOP-48IBAR0,timestamp:1673790242
2023-01-15T14:44:02,388 - DiskAvailable.Gigabytes:939.6948852539062|#Level:Host|#hostname:DESKTOP-48IBAR0,timestamp:1673790242
2023-01-15T14:44:02,390 - DiskUsage.Gigabytes:15.943424224853516|#Level:Host|#hostname:DESKTOP-48IBAR0,timestamp:1673790242
2023-01-15T14:44:02,393 - DiskUtilization.Percent:1.7|#Level:Host|#hostname:DESKTOP-48IBAR0,timestamp:1673790242
2023-01-15T14:44:02,395 - MemoryAvailable.Megabytes:3087.16796875|#Level:Host|#hostname:DESKTOP-48IBAR0,timestamp:1673790242
2023-01-15T14:44:02,397 - MemoryUsed.Megabytes:4356.50390625|#Level:Host|#hostname:DESKTOP-48IBAR0,timestamp:1673790242
2023-01-15T14:44:02,399 - MemoryUtilization.Percent:60.1|#Level:Host|#hostname:DESKTOP-48IBAR0,timestamp:1673790242
2023-01-15T14:44:13,003 - Requests2XX.Count:1|#Level:Host|#hostname:DESKTOP-48IBAR0,timestamp:1673790143
2023-01-15T14:44:13,007 - QueueTime.ms:0|#Level:Host|#hostname:DESKTOP-48IBAR0,timestamp:1673790253
2023-01-15T14:44:13,008 - WorkerThreadTime.ms:13|#Level:Host|#hostname:DESKTOP-48IBAR0,timestamp:1673790253
2023-01-15T14:45:02,412 - CPUUtilization.Percent:25.0|#Level:Host|#hostname:DESKTOP-48IBAR0,timestamp:1673790302
2023-01-15T14:45:02,414 - DiskAvailable.Gigabytes:939.6948852539062|#Level:Host|#hostname:DESKTOP-48IBAR0,timestamp:1673790302
2023-01-15T14:45:02,416 - DiskUsage.Gigabytes:15.943424224853516|#Level:Host|#hostname:DESKTOP-48IBAR0,timestamp:1673790302
2023-01-15T14:45:02,418 - DiskUtilization.Percent:1.7|#Level:Host|#hostname:DESKTOP-48IBAR0,timestamp:1673790302
2023-01-15T14:45:02,420 - MemoryAvailable.Megabytes:3055.40234375|#Level:Host|#hostname:DESKTOP-48IBAR0,timestamp:1673790302
2023-01-15T14:45:02,422 - MemoryUsed.Megabytes:4388.26171875|#Level:Host|#hostname:DESKTOP-48IBAR0,timestamp:1673790302
2023-01-15T14:45:02,424 - MemoryUtilization.Percent:60.5|#Level:Host|#hostname:DESKTOP-48IBAR0,timestamp:1673790302
2023-01-15T14:45:53,430 - Requests2XX.Count:1|#Level:Host|#hostname:DESKTOP-48IBAR0,timestamp:1673790143
2023-01-15T14:45:53,433 - QueueTime.ms:0|#Level:Host|#hostname:DESKTOP-48IBAR0,timestamp:1673790353
2023-01-15T14:45:53,435 - WorkerThreadTime.ms:12|#Level:Host|#hostname:DESKTOP-48IBAR0,timestamp:1673790353
2023-01-15T14:46:02,361 - CPUUtilization.Percent:33.3|#Level:Host|#hostname:DESKTOP-48IBAR0,timestamp:1673790362
2023-01-15T14:46:02,363 - DiskAvailable.Gigabytes:939.6948852539062|#Level:Host|#hostname:DESKTOP-48IBAR0,timestamp:1673790362
2023-01-15T14:46:02,365 - DiskUsage.Gigabytes:15.943424224853516|#Level:Host|#hostname:DESKTOP-48IBAR0,timestamp:1673790362
2023-01-15T14:46:02,367 - DiskUtilization.Percent:1.7|#Level:Host|#hostname:DESKTOP-48IBAR0,timestamp:1673790362
2023-01-15T14:46:02,369 - MemoryAvailable.Megabytes:3018.69140625|#Level:Host|#hostname:DESKTOP-48IBAR0,timestamp:1673790362
2023-01-15T14:46:02,372 - MemoryUsed.Megabytes:4424.97265625|#Level:Host|#hostname:DESKTOP-48IBAR0,timestamp:1673790362
2023-01-15T14:46:02,374 - MemoryUtilization.Percent:61.0|#Level:Host|#hostname:DESKTOP-48IBAR0,timestamp:1673790362
2023-01-15T14:46:52,417 - Requests2XX.Count:1|#Level:Host|#hostname:DESKTOP-48IBAR0,timestamp:1673790143
2023-01-15T14:46:52,422 - QueueTime.ms:0|#Level:Host|#hostname:DESKTOP-48IBAR0,timestamp:1673790412
2023-01-15T14:46:52,423 - WorkerThreadTime.ms:13|#Level:Host|#hostname:DESKTOP-48IBAR0,timestamp:1673790412
2023-01-15T14:47:02,416 - CPUUtilization.Percent:0.0|#Level:Host|#hostname:DESKTOP-48IBAR0,timestamp:1673790422
2023-01-15T14:47:02,418 - DiskAvailable.Gigabytes:939.6948852539062|#Level:Host|#hostname:DESKTOP-48IBAR0,timestamp:1673790422
2023-01-15T14:47:02,420 - DiskUsage.Gigabytes:15.943424224853516|#Level:Host|#hostname:DESKTOP-48IBAR0,timestamp:1673790422
2023-01-15T14:47:02,422 - DiskUtilization.Percent:1.7|#Level:Host|#hostname:DESKTOP-48IBAR0,timestamp:1673790422
2023-01-15T14:47:02,424 - MemoryAvailable.Megabytes:2973.78515625|#Level:Host|#hostname:DESKTOP-48IBAR0,timestamp:1673790422
2023-01-15T14:47:02,426 - MemoryUsed.Megabytes:4469.87890625|#Level:Host|#hostname:DESKTOP-48IBAR0,timestamp:1673790422
2023-01-15T14:47:02,428 - MemoryUtilization.Percent:61.6|#Level:Host|#hostname:DESKTOP-48IBAR0,timestamp:1673790422
2023-01-15T14:48:02,361 - CPUUtilization.Percent:0.0|#Level:Host|#hostname:DESKTOP-48IBAR0,timestamp:1673790482
2023-01-15T14:48:02,363 - DiskAvailable.Gigabytes:939.6948852539062|#Level:Host|#hostname:DESKTOP-48IBAR0,timestamp:1673790482
2023-01-15T14:48:02,365 - DiskUsage.Gigabytes:15.943424224853516|#Level:Host|#hostname:DESKTOP-48IBAR0,timestamp:1673790482
2023-01-15T14:48:02,366 - DiskUtilization.Percent:1.7|#Level:Host|#hostname:DESKTOP-48IBAR0,timestamp:1673790482
2023-01-15T14:48:02,370 - MemoryAvailable.Megabytes:2968.59765625|#Level:Host|#hostname:DESKTOP-48IBAR0,timestamp:1673790482
2023-01-15T14:48:02,372 - MemoryUsed.Megabytes:4475.07421875|#Level:Host|#hostname:DESKTOP-48IBAR0,timestamp:1673790482
2023-01-15T14:48:02,375 - MemoryUtilization.Percent:61.6|#Level:Host|#hostname:DESKTOP-48IBAR0,timestamp:1673790482
2023-01-15T14:49:02,345 - CPUUtilization.Percent:0.0|#Level:Host|#hostname:DESKTOP-48IBAR0,timestamp:1673790542
2023-01-15T14:49:02,348 - DiskAvailable.Gigabytes:939.6948852539062|#Level:Host|#hostname:DESKTOP-48IBAR0,timestamp:1673790542
2023-01-15T14:49:02,353 - DiskUsage.Gigabytes:15.943424224853516|#Level:Host|#hostname:DESKTOP-48IBAR0,timestamp:1673790542
2023-01-15T14:49:02,357 - DiskUtilization.Percent:1.7|#Level:Host|#hostname:DESKTOP-48IBAR0,timestamp:1673790542
2023-01-15T14:49:02,359 - MemoryAvailable.Megabytes:2966.94921875|#Level:Host|#hostname:DESKTOP-48IBAR0,timestamp:1673790542
2023-01-15T14:49:02,361 - MemoryUsed.Megabytes:4476.71484375|#Level:Host|#hostname:DESKTOP-48IBAR0,timestamp:1673790542
2023-01-15T14:49:02,365 - MemoryUtilization.Percent:61.7|#Level:Host|#hostname:DESKTOP-48IBAR0,timestamp:1673790542
2023-01-15T14:50:02,376 - CPUUtilization.Percent:0.0|#Level:Host|#hostname:DESKTOP-48IBAR0,timestamp:1673790602
2023-01-15T14:50:02,377 - DiskAvailable.Gigabytes:939.6948852539062|#Level:Host|#hostname:DESKTOP-48IBAR0,timestamp:1673790602
2023-01-15T14:50:02,379 - DiskUsage.Gigabytes:15.943424224853516|#Level:Host|#hostname:DESKTOP-48IBAR0,timestamp:1673790602
2023-01-15T14:50:02,382 - DiskUtilization.Percent:1.7|#Level:Host|#hostname:DESKTOP-48IBAR0,timestamp:1673790602
2023-01-15T14:50:02,385 - MemoryAvailable.Megabytes:2966.41015625|#Level:Host|#hostname:DESKTOP-48IBAR0,timestamp:1673790602
2023-01-15T14:50:02,387 - MemoryUsed.Megabytes:4477.20703125|#Level:Host|#hostname:DESKTOP-48IBAR0,timestamp:1673790602
2023-01-15T14:50:02,389 - MemoryUtilization.Percent:61.7|#Level:Host|#hostname:DESKTOP-48IBAR0,timestamp:1673790602
2023-01-15T14:51:02,340 - CPUUtilization.Percent:0.0|#Level:Host|#hostname:DESKTOP-48IBAR0,timestamp:1673790662
2023-01-15T14:51:02,342 - DiskAvailable.Gigabytes:939.6948852539062|#Level:Host|#hostname:DESKTOP-48IBAR0,timestamp:1673790662
2023-01-15T14:51:02,343 - DiskUsage.Gigabytes:15.943424224853516|#Level:Host|#hostname:DESKTOP-48IBAR0,timestamp:1673790662
2023-01-15T14:51:02,346 - DiskUtilization.Percent:1.7|#Level:Host|#hostname:DESKTOP-48IBAR0,timestamp:1673790662
2023-01-15T14:51:02,351 - MemoryAvailable.Megabytes:2963.26953125|#Level:Host|#hostname:DESKTOP-48IBAR0,timestamp:1673790662
2023-01-15T14:51:02,355 - MemoryUsed.Megabytes:4480.39453125|#Level:Host|#hostname:DESKTOP-48IBAR0,timestamp:1673790662
2023-01-15T14:51:02,357 - MemoryUtilization.Percent:61.7|#Level:Host|#hostname:DESKTOP-48IBAR0,timestamp:1673790662
2023-01-15T14:52:02,387 - CPUUtilization.Percent:50.0|#Level:Host|#hostname:DESKTOP-48IBAR0,timestamp:1673790722
2023-01-15T14:52:02,389 - DiskAvailable.Gigabytes:939.6948852539062|#Level:Host|#hostname:DESKTOP-48IBAR0,timestamp:1673790722
2023-01-15T14:52:02,390 - DiskUsage.Gigabytes:15.943424224853516|#Level:Host|#hostname:DESKTOP-48IBAR0,timestamp:1673790722
2023-01-15T14:52:02,393 - DiskUtilization.Percent:1.7|#Level:Host|#hostname:DESKTOP-48IBAR0,timestamp:1673790722
2023-01-15T14:52:02,395 - MemoryAvailable.Megabytes:2958.53125|#Level:Host|#hostname:DESKTOP-48IBAR0,timestamp:1673790722
2023-01-15T14:52:02,397 - MemoryUsed.Megabytes:4485.1328125|#Level:Host|#hostname:DESKTOP-48IBAR0,timestamp:1673790722
2023-01-15T14:52:02,399 - MemoryUtilization.Percent:61.8|#Level:Host|#hostname:DESKTOP-48IBAR0,timestamp:1673790722
2023-01-15T14:53:02,349 - CPUUtilization.Percent:0.0|#Level:Host|#hostname:DESKTOP-48IBAR0,timestamp:1673790782
2023-01-15T14:53:02,351 - DiskAvailable.Gigabytes:939.6948852539062|#Level:Host|#hostname:DESKTOP-48IBAR0,timestamp:1673790782
2023-01-15T14:53:02,352 - DiskUsage.Gigabytes:15.943424224853516|#Level:Host|#hostname:DESKTOP-48IBAR0,timestamp:1673790782
2023-01-15T14:53:02,354 - DiskUtilization.Percent:1.7|#Level:Host|#hostname:DESKTOP-48IBAR0,timestamp:1673790782
2023-01-15T14:53:02,355 - MemoryAvailable.Megabytes:2968.6953125|#Level:Host|#hostname:DESKTOP-48IBAR0,timestamp:1673790782
2023-01-15T14:53:02,359 - MemoryUsed.Megabytes:4475.21484375|#Level:Host|#hostname:DESKTOP-48IBAR0,timestamp:1673790782
2023-01-15T14:53:02,361 - MemoryUtilization.Percent:61.6|#Level:Host|#hostname:DESKTOP-48IBAR0,timestamp:1673790782
2023-01-15T14:54:02,364 - CPUUtilization.Percent:0.0|#Level:Host|#hostname:DESKTOP-48IBAR0,timestamp:1673790842
2023-01-15T14:54:02,366 - DiskAvailable.Gigabytes:939.6948852539062|#Level:Host|#hostname:DESKTOP-48IBAR0,timestamp:1673790842
2023-01-15T14:54:02,367 - DiskUsage.Gigabytes:15.943424224853516|#Level:Host|#hostname:DESKTOP-48IBAR0,timestamp:1673790842
2023-01-15T14:54:02,369 - DiskUtilization.Percent:1.7|#Level:Host|#hostname:DESKTOP-48IBAR0,timestamp:1673790842
2023-01-15T14:54:02,371 - MemoryAvailable.Megabytes:2957.05078125|#Level:Host|#hostname:DESKTOP-48IBAR0,timestamp:1673790842
2023-01-15T14:54:02,372 - MemoryUsed.Megabytes:4486.62109375|#Level:Host|#hostname:DESKTOP-48IBAR0,timestamp:1673790842
2023-01-15T14:54:02,374 - MemoryUtilization.Percent:61.8|#Level:Host|#hostname:DESKTOP-48IBAR0,timestamp:1673790842
2023-01-15T14:55:02,340 - CPUUtilization.Percent:0.0|#Level:Host|#hostname:DESKTOP-48IBAR0,timestamp:1673790902
2023-01-15T14:55:02,343 - DiskAvailable.Gigabytes:939.6948852539062|#Level:Host|#hostname:DESKTOP-48IBAR0,timestamp:1673790902
2023-01-15T14:55:02,347 - DiskUsage.Gigabytes:15.943424224853516|#Level:Host|#hostname:DESKTOP-48IBAR0,timestamp:1673790902
2023-01-15T14:55:02,349 - DiskUtilization.Percent:1.7|#Level:Host|#hostname:DESKTOP-48IBAR0,timestamp:1673790902
2023-01-15T14:55:02,352 - MemoryAvailable.Megabytes:2964.46875|#Level:Host|#hostname:DESKTOP-48IBAR0,timestamp:1673790902
2023-01-15T14:55:02,354 - MemoryUsed.Megabytes:4479.1953125|#Level:Host|#hostname:DESKTOP-48IBAR0,timestamp:1673790902
2023-01-15T14:55:02,356 - MemoryUtilization.Percent:61.7|#Level:Host|#hostname:DESKTOP-48IBAR0,timestamp:1673790902
2023-01-15T14:56:02,379 - CPUUtilization.Percent:0.0|#Level:Host|#hostname:DESKTOP-48IBAR0,timestamp:1673790962
2023-01-15T14:56:02,381 - DiskAvailable.Gigabytes:939.6948852539062|#Level:Host|#hostname:DESKTOP-48IBAR0,timestamp:1673790962
2023-01-15T14:56:02,383 - DiskUsage.Gigabytes:15.943424224853516|#Level:Host|#hostname:DESKTOP-48IBAR0,timestamp:1673790962
2023-01-15T14:56:02,385 - DiskUtilization.Percent:1.7|#Level:Host|#hostname:DESKTOP-48IBAR0,timestamp:1673790962
2023-01-15T14:56:02,388 - MemoryAvailable.Megabytes:2962.7578125|#Level:Host|#hostname:DESKTOP-48IBAR0,timestamp:1673790962
2023-01-15T14:56:02,390 - MemoryUsed.Megabytes:4480.9140625|#Level:Host|#hostname:DESKTOP-48IBAR0,timestamp:1673790962
2023-01-15T14:56:02,392 - MemoryUtilization.Percent:61.7|#Level:Host|#hostname:DESKTOP-48IBAR0,timestamp:1673790962
2023-01-15T14:57:02,365 - CPUUtilization.Percent:0.0|#Level:Host|#hostname:DESKTOP-48IBAR0,timestamp:1673791022
2023-01-15T14:57:02,367 - DiskAvailable.Gigabytes:939.6948852539062|#Level:Host|#hostname:DESKTOP-48IBAR0,timestamp:1673791022
2023-01-15T14:57:02,369 - DiskUsage.Gigabytes:15.943424224853516|#Level:Host|#hostname:DESKTOP-48IBAR0,timestamp:1673791022
2023-01-15T14:57:02,370 - DiskUtilization.Percent:1.7|#Level:Host|#hostname:DESKTOP-48IBAR0,timestamp:1673791022
2023-01-15T14:57:02,372 - MemoryAvailable.Megabytes:2988.875|#Level:Host|#hostname:DESKTOP-48IBAR0,timestamp:1673791022
2023-01-15T14:57:02,374 - MemoryUsed.Megabytes:4454.78515625|#Level:Host|#hostname:DESKTOP-48IBAR0,timestamp:1673791022
2023-01-15T14:57:02,376 - MemoryUtilization.Percent:61.4|#Level:Host|#hostname:DESKTOP-48IBAR0,timestamp:1673791022
2023-01-15T14:58:02,374 - CPUUtilization.Percent:50.0|#Level:Host|#hostname:DESKTOP-48IBAR0,timestamp:1673791082
2023-01-15T14:58:02,376 - DiskAvailable.Gigabytes:939.6948852539062|#Level:Host|#hostname:DESKTOP-48IBAR0,timestamp:1673791082
2023-01-15T14:58:02,377 - DiskUsage.Gigabytes:15.943424224853516|#Level:Host|#hostname:DESKTOP-48IBAR0,timestamp:1673791082
2023-01-15T14:58:02,379 - DiskUtilization.Percent:1.7|#Level:Host|#hostname:DESKTOP-48IBAR0,timestamp:1673791082
2023-01-15T14:58:02,381 - MemoryAvailable.Megabytes:3034.62109375|#Level:Host|#hostname:DESKTOP-48IBAR0,timestamp:1673791082
2023-01-15T14:58:02,383 - MemoryUsed.Megabytes:4409.0390625|#Level:Host|#hostname:DESKTOP-48IBAR0,timestamp:1673791082
2023-01-15T14:58:02,385 - MemoryUtilization.Percent:60.8|#Level:Host|#hostname:DESKTOP-48IBAR0,timestamp:1673791082
2023-01-15T14:59:02,377 - CPUUtilization.Percent:0.0|#Level:Host|#hostname:DESKTOP-48IBAR0,timestamp:1673791142
2023-01-15T14:59:02,378 - DiskAvailable.Gigabytes:939.6948852539062|#Level:Host|#hostname:DESKTOP-48IBAR0,timestamp:1673791142
2023-01-15T14:59:02,380 - DiskUsage.Gigabytes:15.943424224853516|#Level:Host|#hostname:DESKTOP-48IBAR0,timestamp:1673791142
2023-01-15T14:59:02,383 - DiskUtilization.Percent:1.7|#Level:Host|#hostname:DESKTOP-48IBAR0,timestamp:1673791142
2023-01-15T14:59:02,386 - MemoryAvailable.Megabytes:3022.47265625|#Level:Host|#hostname:DESKTOP-48IBAR0,timestamp:1673791142
2023-01-15T14:59:02,388 - MemoryUsed.Megabytes:4421.1953125|#Level:Host|#hostname:DESKTOP-48IBAR0,timestamp:1673791142
2023-01-15T14:59:02,390 - MemoryUtilization.Percent:60.9|#Level:Host|#hostname:DESKTOP-48IBAR0,timestamp:1673791142
2023-01-15T15:00:02,369 - CPUUtilization.Percent:0.0|#Level:Host|#hostname:DESKTOP-48IBAR0,timestamp:1673791202
2023-01-15T15:00:02,371 - DiskAvailable.Gigabytes:939.6948852539062|#Level:Host|#hostname:DESKTOP-48IBAR0,timestamp:1673791202
2023-01-15T15:00:02,372 - DiskUsage.Gigabytes:15.943424224853516|#Level:Host|#hostname:DESKTOP-48IBAR0,timestamp:1673791202
2023-01-15T15:00:02,374 - DiskUtilization.Percent:1.7|#Level:Host|#hostname:DESKTOP-48IBAR0,timestamp:1673791202
2023-01-15T15:00:02,376 - MemoryAvailable.Megabytes:3021.4453125|#Level:Host|#hostname:DESKTOP-48IBAR0,timestamp:1673791202
2023-01-15T15:00:02,378 - MemoryUsed.Megabytes:4422.203125|#Level:Host|#hostname:DESKTOP-48IBAR0,timestamp:1673791202
2023-01-15T15:00:02,380 - MemoryUtilization.Percent:61.0|#Level:Host|#hostname:DESKTOP-48IBAR0,timestamp:1673791202
2023-01-15T15:01:02,355 - CPUUtilization.Percent:0.0|#Level:Host|#hostname:DESKTOP-48IBAR0,timestamp:1673791262
2023-01-15T15:01:02,356 - DiskAvailable.Gigabytes:939.6948852539062|#Level:Host|#hostname:DESKTOP-48IBAR0,timestamp:1673791262
2023-01-15T15:01:02,358 - DiskUsage.Gigabytes:15.943424224853516|#Level:Host|#hostname:DESKTOP-48IBAR0,timestamp:1673791262
2023-01-15T15:01:02,360 - DiskUtilization.Percent:1.7|#Level:Host|#hostname:DESKTOP-48IBAR0,timestamp:1673791262
2023-01-15T15:01:02,362 - MemoryAvailable.Megabytes:3021.7578125|#Level:Host|#hostname:DESKTOP-48IBAR0,timestamp:1673791262
2023-01-15T15:01:02,364 - MemoryUsed.Megabytes:4421.86328125|#Level:Host|#hostname:DESKTOP-48IBAR0,timestamp:1673791262
2023-01-15T15:01:02,366 - MemoryUtilization.Percent:61.0|#Level:Host|#hostname:DESKTOP-48IBAR0,timestamp:1673791262
2023-01-15T15:02:02,384 - CPUUtilization.Percent:0.0|#Level:Host|#hostname:DESKTOP-48IBAR0,timestamp:1673791322
2023-01-15T15:02:02,386 - DiskAvailable.Gigabytes:939.6948852539062|#Level:Host|#hostname:DESKTOP-48IBAR0,timestamp:1673791322
2023-01-15T15:02:02,387 - DiskUsage.Gigabytes:15.943424224853516|#Level:Host|#hostname:DESKTOP-48IBAR0,timestamp:1673791322
2023-01-15T15:02:02,393 - DiskUtilization.Percent:1.7|#Level:Host|#hostname:DESKTOP-48IBAR0,timestamp:1673791322
2023-01-15T15:02:02,394 - MemoryAvailable.Megabytes:3006.9375|#Level:Host|#hostname:DESKTOP-48IBAR0,timestamp:1673791322
2023-01-15T15:02:02,397 - MemoryUsed.Megabytes:4436.73046875|#Level:Host|#hostname:DESKTOP-48IBAR0,timestamp:1673791322
2023-01-15T15:02:02,399 - MemoryUtilization.Percent:61.2|#Level:Host|#hostname:DESKTOP-48IBAR0,timestamp:1673791322
2023-01-15T15:03:02,342 - CPUUtilization.Percent:0.0|#Level:Host|#hostname:DESKTOP-48IBAR0,timestamp:1673791382
2023-01-15T15:03:02,344 - DiskAvailable.Gigabytes:939.6948852539062|#Level:Host|#hostname:DESKTOP-48IBAR0,timestamp:1673791382
2023-01-15T15:03:02,349 - DiskUsage.Gigabytes:15.943424224853516|#Level:Host|#hostname:DESKTOP-48IBAR0,timestamp:1673791382
2023-01-15T15:03:02,353 - DiskUtilization.Percent:1.7|#Level:Host|#hostname:DESKTOP-48IBAR0,timestamp:1673791382
2023-01-15T15:03:02,355 - MemoryAvailable.Megabytes:3007.43359375|#Level:Host|#hostname:DESKTOP-48IBAR0,timestamp:1673791382
2023-01-15T15:03:02,357 - MemoryUsed.Megabytes:4436.2265625|#Level:Host|#hostname:DESKTOP-48IBAR0,timestamp:1673791382
2023-01-15T15:03:02,359 - MemoryUtilization.Percent:61.1|#Level:Host|#hostname:DESKTOP-48IBAR0,timestamp:1673791382
2023-01-15T15:04:02,343 - CPUUtilization.Percent:0.0|#Level:Host|#hostname:DESKTOP-48IBAR0,timestamp:1673791442
2023-01-15T15:04:02,345 - DiskAvailable.Gigabytes:939.6948852539062|#Level:Host|#hostname:DESKTOP-48IBAR0,timestamp:1673791442
2023-01-15T15:04:02,352 - DiskUsage.Gigabytes:15.943424224853516|#Level:Host|#hostname:DESKTOP-48IBAR0,timestamp:1673791442
2023-01-15T15:04:02,354 - DiskUtilization.Percent:1.7|#Level:Host|#hostname:DESKTOP-48IBAR0,timestamp:1673791442
2023-01-15T15:04:02,356 - MemoryAvailable.Megabytes:3001.734375|#Level:Host|#hostname:DESKTOP-48IBAR0,timestamp:1673791442
2023-01-15T15:04:02,357 - MemoryUsed.Megabytes:4441.93359375|#Level:Host|#hostname:DESKTOP-48IBAR0,timestamp:1673791442
2023-01-15T15:04:02,359 - MemoryUtilization.Percent:61.2|#Level:Host|#hostname:DESKTOP-48IBAR0,timestamp:1673791442
2023-01-15T15:05:02,375 - CPUUtilization.Percent:0.0|#Level:Host|#hostname:DESKTOP-48IBAR0,timestamp:1673791502
2023-01-15T15:05:02,376 - DiskAvailable.Gigabytes:939.6948852539062|#Level:Host|#hostname:DESKTOP-48IBAR0,timestamp:1673791502
2023-01-15T15:05:02,378 - DiskUsage.Gigabytes:15.943424224853516|#Level:Host|#hostname:DESKTOP-48IBAR0,timestamp:1673791502
2023-01-15T15:05:02,380 - DiskUtilization.Percent:1.7|#Level:Host|#hostname:DESKTOP-48IBAR0,timestamp:1673791502
2023-01-15T15:05:02,382 - MemoryAvailable.Megabytes:3016.765625|#Level:Host|#hostname:DESKTOP-48IBAR0,timestamp:1673791502
2023-01-15T15:05:02,384 - MemoryUsed.Megabytes:4426.90234375|#Level:Host|#hostname:DESKTOP-48IBAR0,timestamp:1673791502
2023-01-15T15:05:02,386 - MemoryUtilization.Percent:61.0|#Level:Host|#hostname:DESKTOP-48IBAR0,timestamp:1673791502
2023-01-15T15:06:02,344 - CPUUtilization.Percent:0.0|#Level:Host|#hostname:DESKTOP-48IBAR0,timestamp:1673791562
2023-01-15T15:06:02,347 - DiskAvailable.Gigabytes:939.6948852539062|#Level:Host|#hostname:DESKTOP-48IBAR0,timestamp:1673791562
2023-01-15T15:06:02,355 - DiskUsage.Gigabytes:15.943424224853516|#Level:Host|#hostname:DESKTOP-48IBAR0,timestamp:1673791562
2023-01-15T15:06:02,357 - DiskUtilization.Percent:1.7|#Level:Host|#hostname:DESKTOP-48IBAR0,timestamp:1673791562
2023-01-15T15:06:02,359 - MemoryAvailable.Megabytes:3003.10546875|#Level:Host|#hostname:DESKTOP-48IBAR0,timestamp:1673791562
2023-01-15T15:06:02,361 - MemoryUsed.Megabytes:4440.5546875|#Level:Host|#hostname:DESKTOP-48IBAR0,timestamp:1673791562
2023-01-15T15:06:02,363 - MemoryUtilization.Percent:61.2|#Level:Host|#hostname:DESKTOP-48IBAR0,timestamp:1673791562
2023-01-15T15:07:02,386 - CPUUtilization.Percent:0.0|#Level:Host|#hostname:DESKTOP-48IBAR0,timestamp:1673791622
2023-01-15T15:07:02,388 - DiskAvailable.Gigabytes:939.6948852539062|#Level:Host|#hostname:DESKTOP-48IBAR0,timestamp:1673791622
2023-01-15T15:07:02,390 - DiskUsage.Gigabytes:15.943424224853516|#Level:Host|#hostname:DESKTOP-48IBAR0,timestamp:1673791622
2023-01-15T15:07:02,393 - DiskUtilization.Percent:1.7|#Level:Host|#hostname:DESKTOP-48IBAR0,timestamp:1673791622
2023-01-15T15:07:02,395 - MemoryAvailable.Megabytes:3002.03515625|#Level:Host|#hostname:DESKTOP-48IBAR0,timestamp:1673791622
2023-01-15T15:07:02,397 - MemoryUsed.Megabytes:4441.6328125|#Level:Host|#hostname:DESKTOP-48IBAR0,timestamp:1673791622
2023-01-15T15:07:02,399 - MemoryUtilization.Percent:61.2|#Level:Host|#hostname:DESKTOP-48IBAR0,timestamp:1673791622
2023-01-15T15:08:02,383 - CPUUtilization.Percent:0.0|#Level:Host|#hostname:DESKTOP-48IBAR0,timestamp:1673791682
2023-01-15T15:08:02,385 - DiskAvailable.Gigabytes:939.6948852539062|#Level:Host|#hostname:DESKTOP-48IBAR0,timestamp:1673791682
2023-01-15T15:08:02,387 - DiskUsage.Gigabytes:15.943424224853516|#Level:Host|#hostname:DESKTOP-48IBAR0,timestamp:1673791682
2023-01-15T15:08:02,390 - DiskUtilization.Percent:1.7|#Level:Host|#hostname:DESKTOP-48IBAR0,timestamp:1673791682
2023-01-15T15:08:02,392 - MemoryAvailable.Megabytes:3016.109375|#Level:Host|#hostname:DESKTOP-48IBAR0,timestamp:1673791682
2023-01-15T15:08:02,394 - MemoryUsed.Megabytes:4427.55859375|#Level:Host|#hostname:DESKTOP-48IBAR0,timestamp:1673791682
2023-01-15T15:08:02,397 - MemoryUtilization.Percent:61.0|#Level:Host|#hostname:DESKTOP-48IBAR0,timestamp:1673791682
2023-01-15T15:09:02,359 - CPUUtilization.Percent:33.3|#Level:Host|#hostname:DESKTOP-48IBAR0,timestamp:1673791742
2023-01-15T15:09:02,361 - DiskAvailable.Gigabytes:939.6948852539062|#Level:Host|#hostname:DESKTOP-48IBAR0,timestamp:1673791742
2023-01-15T15:09:02,363 - DiskUsage.Gigabytes:15.943424224853516|#Level:Host|#hostname:DESKTOP-48IBAR0,timestamp:1673791742
2023-01-15T15:09:02,365 - DiskUtilization.Percent:1.7|#Level:Host|#hostname:DESKTOP-48IBAR0,timestamp:1673791742
2023-01-15T15:09:02,367 - MemoryAvailable.Megabytes:3014.98828125|#Level:Host|#hostname:DESKTOP-48IBAR0,timestamp:1673791742
2023-01-15T15:09:02,370 - MemoryUsed.Megabytes:4428.6796875|#Level:Host|#hostname:DESKTOP-48IBAR0,timestamp:1673791742
2023-01-15T15:09:02,372 - MemoryUtilization.Percent:61.0|#Level:Host|#hostname:DESKTOP-48IBAR0,timestamp:1673791742
2023-01-15T15:10:02,385 - CPUUtilization.Percent:0.0|#Level:Host|#hostname:DESKTOP-48IBAR0,timestamp:1673791802
2023-01-15T15:10:02,387 - DiskAvailable.Gigabytes:939.6948852539062|#Level:Host|#hostname:DESKTOP-48IBAR0,timestamp:1673791802
2023-01-15T15:10:02,389 - DiskUsage.Gigabytes:15.943424224853516|#Level:Host|#hostname:DESKTOP-48IBAR0,timestamp:1673791802
2023-01-15T15:10:02,390 - DiskUtilization.Percent:1.7|#Level:Host|#hostname:DESKTOP-48IBAR0,timestamp:1673791802
2023-01-15T15:10:02,392 - MemoryAvailable.Megabytes:3023.015625|#Level:Host|#hostname:DESKTOP-48IBAR0,timestamp:1673791802
2023-01-15T15:10:02,395 - MemoryUsed.Megabytes:4420.65234375|#Level:Host|#hostname:DESKTOP-48IBAR0,timestamp:1673791802
2023-01-15T15:10:02,396 - MemoryUtilization.Percent:60.9|#Level:Host|#hostname:DESKTOP-48IBAR0,timestamp:1673791802
2023-01-15T15:11:02,371 - CPUUtilization.Percent:0.0|#Level:Host|#hostname:DESKTOP-48IBAR0,timestamp:1673791862
2023-01-15T15:11:02,372 - DiskAvailable.Gigabytes:939.6948852539062|#Level:Host|#hostname:DESKTOP-48IBAR0,timestamp:1673791862
2023-01-15T15:11:02,374 - DiskUsage.Gigabytes:15.943424224853516|#Level:Host|#hostname:DESKTOP-48IBAR0,timestamp:1673791862
2023-01-15T15:11:02,376 - DiskUtilization.Percent:1.7|#Level:Host|#hostname:DESKTOP-48IBAR0,timestamp:1673791862
2023-01-15T15:11:02,379 - MemoryAvailable.Megabytes:3037.375|#Level:Host|#hostname:DESKTOP-48IBAR0,timestamp:1673791862
2023-01-15T15:11:02,381 - MemoryUsed.Megabytes:4406.29296875|#Level:Host|#hostname:DESKTOP-48IBAR0,timestamp:1673791862
2023-01-15T15:11:02,383 - MemoryUtilization.Percent:60.8|#Level:Host|#hostname:DESKTOP-48IBAR0,timestamp:1673791862
2023-01-15T15:12:02,352 - CPUUtilization.Percent:0.0|#Level:Host|#hostname:DESKTOP-48IBAR0,timestamp:1673791922
2023-01-15T15:12:02,353 - DiskAvailable.Gigabytes:939.6948852539062|#Level:Host|#hostname:DESKTOP-48IBAR0,timestamp:1673791922
2023-01-15T15:12:02,355 - DiskUsage.Gigabytes:15.943424224853516|#Level:Host|#hostname:DESKTOP-48IBAR0,timestamp:1673791922
2023-01-15T15:12:02,356 - DiskUtilization.Percent:1.7|#Level:Host|#hostname:DESKTOP-48IBAR0,timestamp:1673791922
2023-01-15T15:12:02,357 - MemoryAvailable.Megabytes:3029.84765625|#Level:Host|#hostname:DESKTOP-48IBAR0,timestamp:1673791922
2023-01-15T15:12:02,359 - MemoryUsed.Megabytes:4413.8203125|#Level:Host|#hostname:DESKTOP-48IBAR0,timestamp:1673791922
2023-01-15T15:12:02,361 - MemoryUtilization.Percent:60.9|#Level:Host|#hostname:DESKTOP-48IBAR0,timestamp:1673791922
2023-01-15T15:13:02,359 - CPUUtilization.Percent:0.0|#Level:Host|#hostname:DESKTOP-48IBAR0,timestamp:1673791982
2023-01-15T15:13:02,361 - DiskAvailable.Gigabytes:939.6948852539062|#Level:Host|#hostname:DESKTOP-48IBAR0,timestamp:1673791982
2023-01-15T15:13:02,363 - DiskUsage.Gigabytes:15.943424224853516|#Level:Host|#hostname:DESKTOP-48IBAR0,timestamp:1673791982
2023-01-15T15:13:02,365 - DiskUtilization.Percent:1.7|#Level:Host|#hostname:DESKTOP-48IBAR0,timestamp:1673791982
2023-01-15T15:13:02,367 - MemoryAvailable.Megabytes:3026.88671875|#Level:Host|#hostname:DESKTOP-48IBAR0,timestamp:1673791982
2023-01-15T15:13:02,369 - MemoryUsed.Megabytes:4416.78125|#Level:Host|#hostname:DESKTOP-48IBAR0,timestamp:1673791982
2023-01-15T15:13:02,371 - MemoryUtilization.Percent:60.9|#Level:Host|#hostname:DESKTOP-48IBAR0,timestamp:1673791982
2023-01-15T15:14:02,383 - CPUUtilization.Percent:20.0|#Level:Host|#hostname:DESKTOP-48IBAR0,timestamp:1673792042
2023-01-15T15:14:02,385 - DiskAvailable.Gigabytes:939.6948852539062|#Level:Host|#hostname:DESKTOP-48IBAR0,timestamp:1673792042
2023-01-15T15:14:02,387 - DiskUsage.Gigabytes:15.943424224853516|#Level:Host|#hostname:DESKTOP-48IBAR0,timestamp:1673792042
2023-01-15T15:14:02,390 - DiskUtilization.Percent:1.7|#Level:Host|#hostname:DESKTOP-48IBAR0,timestamp:1673792042
2023-01-15T15:14:02,394 - MemoryAvailable.Megabytes:3029.9921875|#Level:Host|#hostname:DESKTOP-48IBAR0,timestamp:1673792042
2023-01-15T15:14:02,396 - MemoryUsed.Megabytes:4413.67578125|#Level:Host|#hostname:DESKTOP-48IBAR0,timestamp:1673792042
2023-01-15T15:14:02,399 - MemoryUtilization.Percent:60.9|#Level:Host|#hostname:DESKTOP-48IBAR0,timestamp:1673792042
2023-01-15T15:15:02,390 - CPUUtilization.Percent:0.0|#Level:Host|#hostname:DESKTOP-48IBAR0,timestamp:1673792102
2023-01-15T15:15:02,392 - DiskAvailable.Gigabytes:939.6948852539062|#Level:Host|#hostname:DESKTOP-48IBAR0,timestamp:1673792102
2023-01-15T15:15:02,394 - DiskUsage.Gigabytes:15.943424224853516|#Level:Host|#hostname:DESKTOP-48IBAR0,timestamp:1673792102
2023-01-15T15:15:02,396 - DiskUtilization.Percent:1.7|#Level:Host|#hostname:DESKTOP-48IBAR0,timestamp:1673792102
2023-01-15T15:15:02,398 - MemoryAvailable.Megabytes:3020.82421875|#Level:Host|#hostname:DESKTOP-48IBAR0,timestamp:1673792102
2023-01-15T15:15:02,400 - MemoryUsed.Megabytes:4422.84375|#Level:Host|#hostname:DESKTOP-48IBAR0,timestamp:1673792102
2023-01-15T15:15:02,401 - MemoryUtilization.Percent:61.0|#Level:Host|#hostname:DESKTOP-48IBAR0,timestamp:1673792102
2023-01-15T15:16:02,411 - CPUUtilization.Percent:0.0|#Level:Host|#hostname:DESKTOP-48IBAR0,timestamp:1673792162
2023-01-15T15:16:02,413 - DiskAvailable.Gigabytes:939.6948852539062|#Level:Host|#hostname:DESKTOP-48IBAR0,timestamp:1673792162
2023-01-15T15:16:02,415 - DiskUsage.Gigabytes:15.943424224853516|#Level:Host|#hostname:DESKTOP-48IBAR0,timestamp:1673792162
2023-01-15T15:16:02,416 - DiskUtilization.Percent:1.7|#Level:Host|#hostname:DESKTOP-48IBAR0,timestamp:1673792162
2023-01-15T15:16:02,419 - MemoryAvailable.Megabytes:3047.86328125|#Level:Host|#hostname:DESKTOP-48IBAR0,timestamp:1673792162
2023-01-15T15:16:02,425 - MemoryUsed.Megabytes:4395.8046875|#Level:Host|#hostname:DESKTOP-48IBAR0,timestamp:1673792162
2023-01-15T15:16:02,428 - MemoryUtilization.Percent:60.6|#Level:Host|#hostname:DESKTOP-48IBAR0,timestamp:1673792162
2023-01-15T15:17:02,357 - CPUUtilization.Percent:0.0|#Level:Host|#hostname:DESKTOP-48IBAR0,timestamp:1673792222
2023-01-15T15:17:02,359 - DiskAvailable.Gigabytes:939.6948852539062|#Level:Host|#hostname:DESKTOP-48IBAR0,timestamp:1673792222
2023-01-15T15:17:02,360 - DiskUsage.Gigabytes:15.943424224853516|#Level:Host|#hostname:DESKTOP-48IBAR0,timestamp:1673792222
2023-01-15T15:17:02,362 - DiskUtilization.Percent:1.7|#Level:Host|#hostname:DESKTOP-48IBAR0,timestamp:1673792222
2023-01-15T15:17:02,363 - MemoryAvailable.Megabytes:3050.83984375|#Level:Host|#hostname:DESKTOP-48IBAR0,timestamp:1673792222
2023-01-15T15:17:02,366 - MemoryUsed.Megabytes:4392.828125|#Level:Host|#hostname:DESKTOP-48IBAR0,timestamp:1673792222
2023-01-15T15:17:02,368 - MemoryUtilization.Percent:60.6|#Level:Host|#hostname:DESKTOP-48IBAR0,timestamp:1673792222
2023-01-15T15:18:02,411 - CPUUtilization.Percent:0.0|#Level:Host|#hostname:DESKTOP-48IBAR0,timestamp:1673792282
2023-01-15T15:18:02,413 - DiskAvailable.Gigabytes:939.6948852539062|#Level:Host|#hostname:DESKTOP-48IBAR0,timestamp:1673792282
2023-01-15T15:18:02,415 - DiskUsage.Gigabytes:15.943424224853516|#Level:Host|#hostname:DESKTOP-48IBAR0,timestamp:1673792282
2023-01-15T15:18:02,417 - DiskUtilization.Percent:1.7|#Level:Host|#hostname:DESKTOP-48IBAR0,timestamp:1673792282
2023-01-15T15:18:02,419 - MemoryAvailable.Megabytes:3029.14453125|#Level:Host|#hostname:DESKTOP-48IBAR0,timestamp:1673792282
2023-01-15T15:18:02,420 - MemoryUsed.Megabytes:4414.5234375|#Level:Host|#hostname:DESKTOP-48IBAR0,timestamp:1673792282
2023-01-15T15:18:02,422 - MemoryUtilization.Percent:60.9|#Level:Host|#hostname:DESKTOP-48IBAR0,timestamp:1673792282
2023-01-15T15:19:02,408 - CPUUtilization.Percent:50.0|#Level:Host|#hostname:DESKTOP-48IBAR0,timestamp:1673792342
2023-01-15T15:19:02,410 - DiskAvailable.Gigabytes:939.6948852539062|#Level:Host|#hostname:DESKTOP-48IBAR0,timestamp:1673792342
2023-01-15T15:19:02,411 - DiskUsage.Gigabytes:15.943424224853516|#Level:Host|#hostname:DESKTOP-48IBAR0,timestamp:1673792342
2023-01-15T15:19:02,413 - DiskUtilization.Percent:1.7|#Level:Host|#hostname:DESKTOP-48IBAR0,timestamp:1673792342
2023-01-15T15:19:02,415 - MemoryAvailable.Megabytes:3031.8359375|#Level:Host|#hostname:DESKTOP-48IBAR0,timestamp:1673792342
2023-01-15T15:19:02,417 - MemoryUsed.Megabytes:4411.83203125|#Level:Host|#hostname:DESKTOP-48IBAR0,timestamp:1673792342
2023-01-15T15:19:02,419 - MemoryUtilization.Percent:60.8|#Level:Host|#hostname:DESKTOP-48IBAR0,timestamp:1673792342
2023-01-15T15:20:02,394 - CPUUtilization.Percent:0.0|#Level:Host|#hostname:DESKTOP-48IBAR0,timestamp:1673792402
2023-01-15T15:20:02,395 - DiskAvailable.Gigabytes:939.6948852539062|#Level:Host|#hostname:DESKTOP-48IBAR0,timestamp:1673792402
2023-01-15T15:20:02,397 - DiskUsage.Gigabytes:15.943424224853516|#Level:Host|#hostname:DESKTOP-48IBAR0,timestamp:1673792402
2023-01-15T15:20:02,399 - DiskUtilization.Percent:1.7|#Level:Host|#hostname:DESKTOP-48IBAR0,timestamp:1673792402
2023-01-15T15:20:02,401 - MemoryAvailable.Megabytes:3043.359375|#Level:Host|#hostname:DESKTOP-48IBAR0,timestamp:1673792402
2023-01-15T15:20:02,403 - MemoryUsed.Megabytes:4400.30859375|#Level:Host|#hostname:DESKTOP-48IBAR0,timestamp:1673792402
2023-01-15T15:20:02,405 - MemoryUtilization.Percent:60.7|#Level:Host|#hostname:DESKTOP-48IBAR0,timestamp:1673792402
2023-01-15T15:21:02,388 - CPUUtilization.Percent:33.3|#Level:Host|#hostname:DESKTOP-48IBAR0,timestamp:1673792462
2023-01-15T15:21:02,390 - DiskAvailable.Gigabytes:939.6948852539062|#Level:Host|#hostname:DESKTOP-48IBAR0,timestamp:1673792462
2023-01-15T15:21:02,392 - DiskUsage.Gigabytes:15.943424224853516|#Level:Host|#hostname:DESKTOP-48IBAR0,timestamp:1673792462
2023-01-15T15:21:02,394 - DiskUtilization.Percent:1.7|#Level:Host|#hostname:DESKTOP-48IBAR0,timestamp:1673792462
2023-01-15T15:21:02,396 - MemoryAvailable.Megabytes:3014.70703125|#Level:Host|#hostname:DESKTOP-48IBAR0,timestamp:1673792462
2023-01-15T15:21:02,398 - MemoryUsed.Megabytes:4428.9609375|#Level:Host|#hostname:DESKTOP-48IBAR0,timestamp:1673792462
2023-01-15T15:21:02,400 - MemoryUtilization.Percent:61.1|#Level:Host|#hostname:DESKTOP-48IBAR0,timestamp:1673792462
2023-01-15T15:22:02,372 - CPUUtilization.Percent:0.0|#Level:Host|#hostname:DESKTOP-48IBAR0,timestamp:1673792522
2023-01-15T15:22:02,374 - DiskAvailable.Gigabytes:939.6948852539062|#Level:Host|#hostname:DESKTOP-48IBAR0,timestamp:1673792522
2023-01-15T15:22:02,376 - DiskUsage.Gigabytes:15.943424224853516|#Level:Host|#hostname:DESKTOP-48IBAR0,timestamp:1673792522
2023-01-15T15:22:02,378 - DiskUtilization.Percent:1.7|#Level:Host|#hostname:DESKTOP-48IBAR0,timestamp:1673792522
2023-01-15T15:22:02,380 - MemoryAvailable.Megabytes:3021.10546875|#Level:Host|#hostname:DESKTOP-48IBAR0,timestamp:1673792522
2023-01-15T15:22:02,382 - MemoryUsed.Megabytes:4422.5546875|#Level:Host|#hostname:DESKTOP-48IBAR0,timestamp:1673792522
2023-01-15T15:22:02,384 - MemoryUtilization.Percent:61.0|#Level:Host|#hostname:DESKTOP-48IBAR0,timestamp:1673792522
2023-01-15T15:23:02,402 - CPUUtilization.Percent:0.0|#Level:Host|#hostname:DESKTOP-48IBAR0,timestamp:1673792582
2023-01-15T15:23:02,403 - DiskAvailable.Gigabytes:939.6948852539062|#Level:Host|#hostname:DESKTOP-48IBAR0,timestamp:1673792582
2023-01-15T15:23:02,405 - DiskUsage.Gigabytes:15.943424224853516|#Level:Host|#hostname:DESKTOP-48IBAR0,timestamp:1673792582
2023-01-15T15:23:02,407 - DiskUtilization.Percent:1.7|#Level:Host|#hostname:DESKTOP-48IBAR0,timestamp:1673792582
2023-01-15T15:23:02,409 - MemoryAvailable.Megabytes:3026.9375|#Level:Host|#hostname:DESKTOP-48IBAR0,timestamp:1673792582
2023-01-15T15:23:02,410 - MemoryUsed.Megabytes:4416.73046875|#Level:Host|#hostname:DESKTOP-48IBAR0,timestamp:1673792582
2023-01-15T15:23:02,412 - MemoryUtilization.Percent:60.9|#Level:Host|#hostname:DESKTOP-48IBAR0,timestamp:1673792582
2023-01-15T15:24:02,398 - CPUUtilization.Percent:0.0|#Level:Host|#hostname:DESKTOP-48IBAR0,timestamp:1673792642
2023-01-15T15:24:02,400 - DiskAvailable.Gigabytes:939.6948776245117|#Level:Host|#hostname:DESKTOP-48IBAR0,timestamp:1673792642
2023-01-15T15:24:02,402 - DiskUsage.Gigabytes:15.943431854248047|#Level:Host|#hostname:DESKTOP-48IBAR0,timestamp:1673792642
2023-01-15T15:24:02,404 - DiskUtilization.Percent:1.7|#Level:Host|#hostname:DESKTOP-48IBAR0,timestamp:1673792642
2023-01-15T15:24:02,406 - MemoryAvailable.Megabytes:2969.484375|#Level:Host|#hostname:DESKTOP-48IBAR0,timestamp:1673792642
2023-01-15T15:24:02,408 - MemoryUsed.Megabytes:4474.18359375|#Level:Host|#hostname:DESKTOP-48IBAR0,timestamp:1673792642
2023-01-15T15:24:02,410 - MemoryUtilization.Percent:61.6|#Level:Host|#hostname:DESKTOP-48IBAR0,timestamp:1673792642
2023-01-15T15:25:02,360 - CPUUtilization.Percent:0.0|#Level:Host|#hostname:DESKTOP-48IBAR0,timestamp:1673792702
2023-01-15T15:25:02,363 - DiskAvailable.Gigabytes:939.6948776245117|#Level:Host|#hostname:DESKTOP-48IBAR0,timestamp:1673792702
2023-01-15T15:25:02,370 - DiskUsage.Gigabytes:15.943431854248047|#Level:Host|#hostname:DESKTOP-48IBAR0,timestamp:1673792702
2023-01-15T15:25:02,372 - DiskUtilization.Percent:1.7|#Level:Host|#hostname:DESKTOP-48IBAR0,timestamp:1673792702
2023-01-15T15:25:02,374 - MemoryAvailable.Megabytes:2940.98828125|#Level:Host|#hostname:DESKTOP-48IBAR0,timestamp:1673792702
2023-01-15T15:25:02,376 - MemoryUsed.Megabytes:4502.6796875|#Level:Host|#hostname:DESKTOP-48IBAR0,timestamp:1673792702
2023-01-15T15:25:02,378 - MemoryUtilization.Percent:62.0|#Level:Host|#hostname:DESKTOP-48IBAR0,timestamp:1673792702
